<?xml version="1.0" encoding="UTF-8"?>
<testsuite name="com.personalfinance.TransactionServiceTest" tests="2" skipped="0" failures="0" errors="0" timestamp="2026-07-21T14:09:02.358Z" hostname="Antons-MacBook-Pro.local" time="0.251">
  <properties/>
  <testcase name="shouldRejectMismatchedCategoryType()" classname="com.personalfinance.TransactionServiceTest" time="0.115"/>
  <testcase name="shouldCreateIncomeAndExpenseTransactions()" classname="com.personalfinance.TransactionServiceTest" time="0.136"/>
  <system-out><![CDATA[2026-07-21T17:09:02.356+03:00  INFO 5932 --- [personal-finance] [    Test worker] t.c.s.AnnotationConfigContextLoaderUtils : Could not detect default configuration classes for test class [com.personalfinance.TransactionServiceTest]: TransactionServiceTest does not declare any static, non-private, non-final, nested classes annotated with @Configuration.
2026-07-21T17:09:02.357+03:00  INFO 5932 --- [personal-finance] [    Test worker] .b.t.c.SpringBootTestContextBootstrapper : Found @SpringBootConfiguration com.personalfinance.PersonalFinanceApplication for test class com.personalfinance.TransactionServiceTest
]]></system-out>
  <system-err><![CDATA[]]></system-err>
</testsuite>
