<?xml version="1.0" encoding="UTF-8"?>
<testsuite name="com.personalfinance.AccountServiceTest" tests="1" skipped="0" failures="0" errors="0" timestamp="2026-07-21T14:09:01.303Z" hostname="Antons-MacBook-Pro.local" time="0.625">
  <properties/>
  <testcase name="shouldCalculateBalanceFromTransactions()" classname="com.personalfinance.AccountServiceTest" time="0.625"/>
  <system-out><![CDATA[17:08:57.135 [Test worker] INFO org.springframework.test.context.support.AnnotationConfigContextLoaderUtils -- Could not detect default configuration classes for test class [com.personalfinance.AccountServiceTest]: AccountServiceTest does not declare any static, non-private, non-final, nested classes annotated with @Configuration.
17:08:57.182 [Test worker] INFO org.springframework.boot.test.context.SpringBootTestContextBootstrapper -- Found @SpringBootConfiguration com.personalfinance.PersonalFinanceApplication for test class com.personalfinance.AccountServiceTest

  .   ____          _            __ _ _
 /\\ / ___'_ __ _ _(_)_ __  __ _ \ \ \ \
( ( )\___ | '_ | '_| | '_ \/ _` | \ \ \ \
 \\/  ___)| |_)| | | | | || (_| |  ) ) ) )
  '  |____| .__|_| |_|_| |_\__, | / / / /
 =========|_|==============|___/=/_/_/_/

 :: Spring Boot ::               (v3.5.16)

2026-07-21T17:08:57.360+03:00  INFO 5932 --- [personal-finance] [    Test worker] com.personalfinance.AccountServiceTest   : Starting AccountServiceTest using Java 25.0.3 with PID 5932 (started by antonvershinin in /Users/antonvershinin/IdeaProjects/personal-finance-backend/backend)
2026-07-21T17:08:57.361+03:00  INFO 5932 --- [personal-finance] [    Test worker] com.personalfinance.AccountServiceTest   : The following 1 profile is active: "test"
2026-07-21T17:08:57.790+03:00  INFO 5932 --- [personal-finance] [    Test worker] .s.d.r.c.RepositoryConfigurationDelegate : Bootstrapping Spring Data JPA repositories in DEFAULT mode.
2026-07-21T17:08:57.817+03:00  INFO 5932 --- [personal-finance] [    Test worker] .s.d.r.c.RepositoryConfigurationDelegate : Finished Spring Data repository scanning in 21 ms. Found 4 JPA repository interfaces.
2026-07-21T17:08:58.065+03:00  INFO 5932 --- [personal-finance] [    Test worker] com.zaxxer.hikari.HikariDataSource       : HikariPool-1 - Starting...
2026-07-21T17:08:58.082+03:00  INFO 5932 --- [personal-finance] [    Test worker] org.testcontainers.images.PullPolicy     : Image pull policy will be performed by: DefaultPullPolicy()
2026-07-21T17:08:58.083+03:00  INFO 5932 --- [personal-finance] [    Test worker] o.t.utility.ImageNameSubstitutor         : Image name substitution will be performed by: DefaultImageNameSubstitutor (composite of 'ConfigurationFileImageNameSubstitutor' and 'PrefixingImageNameSubstitutor')
2026-07-21T17:08:58.087+03:00  INFO 5932 --- [personal-finance] [    Test worker] org.testcontainers.DockerClientFactory   : Testcontainers version: 1.21.4
2026-07-21T17:08:58.153+03:00  INFO 5932 --- [personal-finance] [    Test worker] o.t.d.DockerClientProviderStrategy       : Loaded org.testcontainers.dockerclient.UnixSocketClientProviderStrategy from ~/.testcontainers.properties, will try it first
2026-07-21T17:08:58.243+03:00  INFO 5932 --- [personal-finance] [    Test worker] o.t.d.DockerClientProviderStrategy       : Found Docker environment with local Unix socket (unix:///var/run/docker.sock)
2026-07-21T17:08:58.244+03:00  INFO 5932 --- [personal-finance] [    Test worker] org.testcontainers.DockerClientFactory   : Docker host IP address is localhost
2026-07-21T17:08:58.254+03:00  INFO 5932 --- [personal-finance] [    Test worker] org.testcontainers.DockerClientFactory   : Connected to docker: 
  Server Version: 29.6.1
  API Version: 1.55
  Operating System: Docker Desktop
  Total Memory: 7935 MB
  Labels: 
    com.docker.desktop.address=unix:///Users/antonvershinin/Library/Containers/com.docker.docker/Data/docker-cli.sock
2026-07-21T17:08:58.320+03:00  INFO 5932 --- [personal-finance] [    Test worker] tc.testcontainers/ryuk:0.12.0            : Creating container for image: testcontainers/ryuk:0.12.0
2026-07-21T17:08:58.562+03:00  INFO 5932 --- [personal-finance] [    Test worker] tc.testcontainers/ryuk:0.12.0            : Container testcontainers/ryuk:0.12.0 is starting: 0e6e38da100b33ccdf2024b86c87dd248e6d98c666eaf165dbdf2bf63cfccc20
2026-07-21T17:08:58.702+03:00  INFO 5932 --- [personal-finance] [    Test worker] tc.testcontainers/ryuk:0.12.0            : Container testcontainers/ryuk:0.12.0 started in PT0.381812S
2026-07-21T17:08:58.705+03:00  INFO 5932 --- [personal-finance] [    Test worker] o.t.utility.RyukResourceReaper           : Ryuk started - will monitor and terminate Testcontainers containers on JVM exit
2026-07-21T17:08:58.705+03:00  INFO 5932 --- [personal-finance] [    Test worker] org.testcontainers.DockerClientFactory   : Checking the system...
2026-07-21T17:08:58.706+03:00  INFO 5932 --- [personal-finance] [    Test worker] org.testcontainers.DockerClientFactory   : ✔︎ Docker server version should be at least 1.6.0
2026-07-21T17:08:58.706+03:00  INFO 5932 --- [personal-finance] [    Test worker] tc.postgres:16-alpine                    : Creating container for image: postgres:16-alpine
2026-07-21T17:08:58.731+03:00  INFO 5932 --- [personal-finance] [    Test worker] tc.postgres:16-alpine                    : Container postgres:16-alpine is starting: 7a4acae6bd8635fa23008fc1b2a0417202c6ca42746d6fecce81d769559e9fdd
2026-07-21T17:08:59.497+03:00  INFO 5932 --- [personal-finance] [    Test worker] tc.postgres:16-alpine                    : Container postgres:16-alpine started in PT0.791338S
2026-07-21T17:08:59.498+03:00  INFO 5932 --- [personal-finance] [    Test worker] tc.postgres:16-alpine                    : Container is started (JDBC URL: jdbc:postgresql://localhost:51372/test?loggerLevel=OFF)
2026-07-21T17:08:59.573+03:00  INFO 5932 --- [personal-finance] [    Test worker] com.zaxxer.hikari.pool.HikariPool        : HikariPool-1 - Added connection org.testcontainers.jdbc.ConnectionWrapper@318511f0
2026-07-21T17:08:59.574+03:00  INFO 5932 --- [personal-finance] [    Test worker] com.zaxxer.hikari.HikariDataSource       : HikariPool-1 - Start completed.
2026-07-21T17:08:59.585+03:00  INFO 5932 --- [personal-finance] [    Test worker] org.flywaydb.core.FlywayExecutor         : Database: jdbc:postgresql://localhost:51372/test?loggerLevel=OFF (PostgreSQL 16.14)
2026-07-21T17:08:59.600+03:00  INFO 5932 --- [personal-finance] [    Test worker] o.f.c.i.s.JdbcTableSchemaHistory         : Schema history table "public"."flyway_schema_history" does not exist yet
2026-07-21T17:08:59.602+03:00  INFO 5932 --- [personal-finance] [    Test worker] o.f.core.internal.command.DbValidate     : Successfully validated 4 migrations (execution time 00:00.006s)
2026-07-21T17:08:59.608+03:00  INFO 5932 --- [personal-finance] [    Test worker] o.f.c.i.s.JdbcTableSchemaHistory         : Creating Schema History table "public"."flyway_schema_history" ...
2026-07-21T17:08:59.634+03:00  INFO 5932 --- [personal-finance] [    Test worker] o.f.core.internal.command.DbMigrate      : Current version of schema "public": << Empty Schema >>
2026-07-21T17:08:59.637+03:00  INFO 5932 --- [personal-finance] [    Test worker] o.f.core.internal.command.DbMigrate      : Migrating schema "public" to version "1 - create users"
2026-07-21T17:08:59.650+03:00  INFO 5932 --- [personal-finance] [    Test worker] o.f.core.internal.command.DbMigrate      : Migrating schema "public" to version "2 - create accounts"
2026-07-21T17:08:59.659+03:00  INFO 5932 --- [personal-finance] [    Test worker] o.f.core.internal.command.DbMigrate      : Migrating schema "public" to version "3 - create categories"
2026-07-21T17:08:59.668+03:00  INFO 5932 --- [personal-finance] [    Test worker] o.f.core.internal.command.DbMigrate      : Migrating schema "public" to version "4 - create transactions"
2026-07-21T17:08:59.679+03:00  INFO 5932 --- [personal-finance] [    Test worker] o.f.core.internal.command.DbMigrate      : Successfully applied 4 migrations to schema "public", now at version v4 (execution time 00:00.017s)
2026-07-21T17:08:59.724+03:00  INFO 5932 --- [personal-finance] [    Test worker] o.hibernate.jpa.internal.util.LogHelper  : HHH000204: Processing PersistenceUnitInfo [name: default]
2026-07-21T17:08:59.749+03:00  INFO 5932 --- [personal-finance] [    Test worker] org.hibernate.Version                    : HHH000412: Hibernate ORM core version 6.6.53.Final
2026-07-21T17:08:59.762+03:00  INFO 5932 --- [personal-finance] [    Test worker] o.h.c.internal.RegionFactoryInitiator    : HHH000026: Second-level cache disabled
2026-07-21T17:08:59.878+03:00  INFO 5932 --- [personal-finance] [    Test worker] o.s.o.j.p.SpringPersistenceUnitInfo      : No LoadTimeWeaver setup: ignoring JPA class transformer
2026-07-21T17:08:59.911+03:00  INFO 5932 --- [personal-finance] [    Test worker] org.hibernate.orm.connections.pooling    : HHH10001005: Database info:
	Database JDBC URL [Connecting through datasource 'HikariDataSource (HikariPool-1)']
	Database driver: undefined/unknown
	Database version: 16.14
	Autocommit mode: undefined/unknown
	Isolation level: undefined/unknown
	Minimum pool size: undefined/unknown
	Maximum pool size: undefined/unknown
2026-07-21T17:09:00.241+03:00  INFO 5932 --- [personal-finance] [    Test worker] o.h.e.t.j.p.i.JtaPlatformInitiator       : HHH000489: No JTA platform available (set 'hibernate.transaction.jta.platform' to enable JTA platform integration)
2026-07-21T17:09:00.263+03:00  INFO 5932 --- [personal-finance] [    Test worker] j.LocalContainerEntityManagerFactoryBean : Initialized JPA EntityManagerFactory for persistence unit 'default'
2026-07-21T17:09:00.436+03:00  INFO 5932 --- [personal-finance] [    Test worker] o.s.b.t.m.w.SpringBootMockServletContext : Initializing Spring TestDispatcherServlet ''
2026-07-21T17:09:00.436+03:00  INFO 5932 --- [personal-finance] [    Test worker] o.s.t.web.servlet.TestDispatcherServlet  : Initializing Servlet ''
2026-07-21T17:09:00.620+03:00  INFO 5932 --- [personal-finance] [    Test worker] o.s.b.a.e.web.EndpointLinksResolver      : Exposing 1 endpoint beneath base path '/actuator'
2026-07-21T17:09:00.673+03:00  INFO 5932 --- [personal-finance] [    Test worker] o.s.t.web.servlet.TestDispatcherServlet  : Completed initialization in 237 ms
2026-07-21T17:09:00.690+03:00  INFO 5932 --- [personal-finance] [    Test worker] o.s.d.j.r.query.QueryEnhancerFactory     : Hibernate is in classpath; If applicable, HQL parser will be used.
2026-07-21T17:09:01.095+03:00  INFO 5932 --- [personal-finance] [    Test worker] r$InitializeUserDetailsManagerConfigurer : Global AuthenticationManager configured with UserDetailsService bean with name userDetailsServiceImpl
2026-07-21T17:09:01.266+03:00  INFO 5932 --- [personal-finance] [    Test worker] com.personalfinance.AccountServiceTest   : Started AccountServiceTest in 4.031 seconds (process running for 4.467)
]]></system-out>
  <system-err><![CDATA[Mockito is currently self-attaching to enable the inline-mock-maker. This will no longer work in future releases of the JDK. Please add Mockito as an agent to your build as described in Mockito's documentation: https://javadoc.io/doc/org.mockito/mockito-core/latest/org.mockito/org/mockito/Mockito.html#0.3
WARNING: A Java agent has been loaded dynamically (/Users/antonvershinin/.gradle/caches/modules-2/files-2.1/net.bytebuddy/byte-buddy-agent/1.17.8/f09415827a71be7ed621c7bd02550678f28bc81c/byte-buddy-agent-1.17.8.jar)
WARNING: If a serviceability tool is in use, please run with -XX:+EnableDynamicAgentLoading to hide this warning
WARNING: If a serviceability tool is not in use, please run with -Djdk.instrument.traceUsage for more information
WARNING: Dynamic loading of agents will be disallowed by default in a future release
]]></system-err>
</testsuite>
